{
  "stats": {
    "suites": 1,
    "tests": 2,
    "passes": 2,
    "pending": 0,
    "failures": 0,
    "start": "2025-03-20T20:42:38.184Z",
    "end": "2025-03-20T20:42:40.918Z",
    "duration": 2734,
    "testsRegistered": 2,
    "passPercent": 100,
    "pendingPercent": 0,
    "other": 0,
    "hasOther": false,
    "skipped": 0,
    "hasSkipped": false
  },
  "results": [
    {
      "uuid": "fa7bf6ba-ce7d-436c-a8c0-7bc6074df151",
      "title": "",
      "fullFile": "cypress/e2e/cookies.cy.js",
      "file": "cypress/e2e/cookies.cy.js",
      "beforeHooks": [],
      "afterHooks": [],
      "tests": [],
      "suites": [
        {
          "uuid": "f3419934-44a0-4676-93b9-7a0482e3c97b",
          "title": "Cookie Handling Test - SauceDemo",
          "fullFile": "",
          "file": "",
          "beforeHooks": [],
          "afterHooks": [],
          "tests": [
            {
              "title": "Should verify cookies are set after login",
              "fullTitle": "Cookie Handling Test - SauceDemo Should verify cookies are set after login",
              "timedOut": null,
              "duration": 1077,
              "state": "passed",
              "speed": "fast",
              "pass": true,
              "fail": false,
              "pending": false,
              "context": null,
              "code": "// Enter valid credentials and log in\ncy.get('[data-test=\"username\"]').type('standard_user');\ncy.get('[data-test=\"password\"]').type('secret_sauce');\ncy.get('[data-test=\"login-button\"]').click();\n// Verify URL changed to dashboard\ncy.url().should('include', '/inventory.html');\n// Verify authentication session cookie exists\ncy.getCookies().should('not.be.empty'); // Check that the cookies exist\ncy.getCookie('session-username') // Verify the specific session cookie - Visit dev tools-Applications-Cookies to check the cookie value\n.should('exist').and('have.property', 'value', 'standard_user'); // Ensure correct user\n// Refresh the page\ncy.reload();\n// Verify session is still maintained after refresh\ncy.url().should('include', '/inventory.html');\ncy.getCookie('session-username').should('exist');",
              "err": {},
              "uuid": "42601600-d263-464e-8fb0-1ac6a720b9c4",
              "parentUUID": "f3419934-44a0-4676-93b9-7a0482e3c97b",
              "isHook": false,
              "skipped": false
            },
            {
              "title": "Should clear cookies after logout",
              "fullTitle": "Cookie Handling Test - SauceDemo Should clear cookies after logout",
              "timedOut": null,
              "duration": 1124,
              "state": "passed",
              "speed": "fast",
              "pass": true,
              "fail": false,
              "pending": false,
              "context": null,
              "code": "// Login first\ncy.get('[data-test=\"username\"]').type('standard_user');\ncy.get('[data-test=\"password\"]').type('secret_sauce');\ncy.get('[data-test=\"login-button\"]').click();\n// Log out\ncy.get('#react-burger-menu-btn').click();\ncy.get('#logout_sidebar_link').click();\n// Verify user is redirected to login page\ncy.url().should('include', '/');\n// Verify all cookies are cleared\ncy.getCookies().should('be.empty');",
              "err": {},
              "uuid": "5d166009-718c-4290-8d91-1cb0009bc79d",
              "parentUUID": "f3419934-44a0-4676-93b9-7a0482e3c97b",
              "isHook": false,
              "skipped": false
            }
          ],
          "suites": [],
          "passes": [
            "42601600-d263-464e-8fb0-1ac6a720b9c4",
            "5d166009-718c-4290-8d91-1cb0009bc79d"
          ],
          "failures": [],
          "pending": [],
          "skipped": [],
          "duration": 2201,
          "root": false,
          "rootEmpty": false,
          "_timeout": 2000
        }
      ],
      "passes": [],
      "failures": [],
      "pending": [],
      "skipped": [],
      "duration": 0,
      "root": true,
      "rootEmpty": true,
      "_timeout": 2000
    }
  ],
  "meta": {
    "mocha": {
      "version": "7.0.1"
    },
    "mochawesome": {
      "options": {
        "quiet": false,
        "reportFilename": "mochawesome",
        "saveHtml": false,
        "saveJson": true,
        "consoleReporter": "spec",
        "useInlineDiffs": false,
        "code": true
      },
      "version": "7.1.3"
    },
    "marge": {
      "options": {
        "reportDir": "cypress/reports/mochawesome/.jsons",
        "overwrite": false,
        "html": false,
        "json": true,
        "setupNodeEvents": "[Function setupNodeEvents]"
      },
      "version": "6.2.0"
    }
  }
}