{
  "stats": {
    "suites": 1,
    "tests": 1,
    "passes": 0,
    "pending": 4,
    "failures": -3,
    "start": "2025-03-18T21:02:00.787Z",
    "end": "2025-03-18T21:02:00.800Z",
    "duration": 13,
    "testsRegistered": 4,
    "passPercent": null,
    "pendingPercent": 100,
    "other": 3,
    "hasOther": true,
    "skipped": 0,
    "hasSkipped": false
  },
  "results": [
    {
      "uuid": "86a527e5-51eb-413a-9d41-b03c5d1c6739",
      "title": "",
      "fullFile": "cypress/e2e/login.cy.js",
      "file": "cypress/e2e/login.cy.js",
      "beforeHooks": [],
      "afterHooks": [],
      "tests": [],
      "suites": [
        {
          "uuid": "6d769dcc-758b-4be8-ac5d-cd5e80614c55",
          "title": "login functionality",
          "fullFile": "",
          "file": "",
          "beforeHooks": [],
          "afterHooks": [],
          "tests": [
            {
              "title": "valid login with ENV variables",
              "fullTitle": "login functionality valid login with ENV variables",
              "timedOut": null,
              "duration": 0,
              "state": "pending",
              "speed": null,
              "pass": false,
              "fail": false,
              "pending": true,
              "context": null,
              "code": "_loginPage.default.login(Cypress.env('email'), Cypress.env('password'));",
              "err": {},
              "uuid": "36093b5c-f2c7-49e6-b856-aeb15360e1ae",
              "parentUUID": "6d769dcc-758b-4be8-ac5d-cd5e80614c55",
              "isHook": false,
              "skipped": false
            },
            {
              "title": "valid login with fixtures",
              "fullTitle": "login functionality valid login with fixtures",
              "timedOut": null,
              "duration": 0,
              "state": "pending",
              "speed": null,
              "pass": false,
              "fail": false,
              "pending": true,
              "context": null,
              "code": "cy.fixture('users').then(data => {\n  const {\n    email,\n    password\n  } = data.validUser;\n  cy.log(email); //TO LOG DATA TO TEST RUNNER ONLY\n  cy.window().then(win => win.console.log('hi')); // TO LOG DATA TO BROWSER LOG\n  _loginPage.default.login(email, password);\n  // cy.url().should(\"contain\", \"/member\");\n});",
              "err": {},
              "uuid": "e5138df3-fec9-46c5-97b0-61c1f4fc78f5",
              "parentUUID": "6d769dcc-758b-4be8-ac5d-cd5e80614c55",
              "isHook": false,
              "skipped": false
            },
            {
              "title": "valid login using intercept function",
              "fullTitle": "login functionality valid login using intercept function",
              "timedOut": null,
              "duration": 0,
              "state": "pending",
              "speed": null,
              "pass": false,
              "fail": false,
              "pending": true,
              "context": null,
              "code": "cy.viewport('iphone-x');\ncy.intercept('GET', '**/users/log_in').as('x');\ncy.visit(Cypress.env('baseUrl') + \"/users/log_in\");\n_loginPage.default.login(Cypress.env('email'), Cypress.env('password'));\n// cy.wait('@x').its(response.statusCode).should('eq',200); - not working   \ncy.wait('@x').then(data => {\n  expect(data.response.statusCode).to.eq(200);\n});",
              "err": {},
              "uuid": "4033289c-5e66-4400-a067-126232c16320",
              "parentUUID": "6d769dcc-758b-4be8-ac5d-cd5e80614c55",
              "isHook": false,
              "skipped": false
            },
            {
              "title": "invalid login with fixtures",
              "fullTitle": "login functionality invalid login with fixtures",
              "timedOut": null,
              "duration": 0,
              "state": "pending",
              "speed": null,
              "pass": false,
              "fail": false,
              "pending": true,
              "context": null,
              "code": "cy.fixture('users').then(data => {\n  const {\n    email,\n    password\n  } = data.invalidUser;\n  _loginPage.default.login(email, password);\n  cy.get(\"#alert_error\").should('be.visible');\n});",
              "err": {},
              "uuid": "e0b592ba-bea7-42d4-b6aa-49c832441c47",
              "parentUUID": "6d769dcc-758b-4be8-ac5d-cd5e80614c55",
              "isHook": false,
              "skipped": false
            }
          ],
          "suites": [],
          "passes": [],
          "failures": [],
          "pending": [
            "36093b5c-f2c7-49e6-b856-aeb15360e1ae",
            "e5138df3-fec9-46c5-97b0-61c1f4fc78f5",
            "4033289c-5e66-4400-a067-126232c16320",
            "e0b592ba-bea7-42d4-b6aa-49c832441c47"
          ],
          "skipped": [],
          "duration": 0,
          "root": false,
          "rootEmpty": false,
          "_timeout": 2000
        }
      ],
      "passes": [],
      "failures": [],
      "pending": [],
      "skipped": [],
      "duration": 0,
      "root": true,
      "rootEmpty": true,
      "_timeout": 2000
    }
  ],
  "meta": {
    "mocha": {
      "version": "7.0.1"
    },
    "mochawesome": {
      "options": {
        "quiet": false,
        "reportFilename": "mochawesome",
        "saveHtml": false,
        "saveJson": true,
        "consoleReporter": "spec",
        "useInlineDiffs": false,
        "code": true
      },
      "version": "7.1.3"
    },
    "marge": {
      "options": {
        "reportDir": "cypress/reports/mochawesome/.jsons",
        "overwrite": false,
        "html": false,
        "json": true,
        "setupNodeEvents": "[Function setupNodeEvents]"
      },
      "version": "6.2.0"
    }
  }
}