{
  "stats": {
    "suites": 1,
    "tests": 1,
    "passes": 0,
    "pending": 4,
    "failures": -3,
    "start": "2025-03-20T20:41:23.004Z",
    "end": "2025-03-20T20:41:23.016Z",
    "duration": 12,
    "testsRegistered": 4,
    "passPercent": null,
    "pendingPercent": 100,
    "other": 3,
    "hasOther": true,
    "skipped": 0,
    "hasSkipped": false
  },
  "results": [
    {
      "uuid": "76504cc0-cd2c-4c70-8f0b-862f36bc0c80",
      "title": "",
      "fullFile": "cypress/e2e/login.cy.js",
      "file": "cypress/e2e/login.cy.js",
      "beforeHooks": [],
      "afterHooks": [],
      "tests": [],
      "suites": [
        {
          "uuid": "3a3592bf-a4fe-4e94-9046-e79cdd2d69a1",
          "title": "login functionality",
          "fullFile": "",
          "file": "",
          "beforeHooks": [],
          "afterHooks": [],
          "tests": [
            {
              "title": "valid login with ENV variables",
              "fullTitle": "login functionality valid login with ENV variables",
              "timedOut": null,
              "duration": 0,
              "state": "pending",
              "speed": null,
              "pass": false,
              "fail": false,
              "pending": true,
              "context": null,
              "code": "_loginPage.default.login(Cypress.env('email'), Cypress.env('password'));",
              "err": {},
              "uuid": "9910d1ce-ecae-4a40-b79b-eb77ae5f6933",
              "parentUUID": "3a3592bf-a4fe-4e94-9046-e79cdd2d69a1",
              "isHook": false,
              "skipped": false
            },
            {
              "title": "valid login with fixtures",
              "fullTitle": "login functionality valid login with fixtures",
              "timedOut": null,
              "duration": 0,
              "state": "pending",
              "speed": null,
              "pass": false,
              "fail": false,
              "pending": true,
              "context": null,
              "code": "cy.fixture('users').then(data => {\n  const {\n    email,\n    password\n  } = data.validUser;\n  cy.log(email); //TO LOG DATA TO TEST RUNNER ONLY\n  cy.window().then(win => win.console.log('hi')); // TO LOG DATA TO BROWSER LOG\n  _loginPage.default.login(email, password);\n  // cy.url().should(\"contain\", \"/member\");\n});",
              "err": {},
              "uuid": "ae94f5f2-cb73-47dd-b617-b81042f8ceb9",
              "parentUUID": "3a3592bf-a4fe-4e94-9046-e79cdd2d69a1",
              "isHook": false,
              "skipped": false
            },
            {
              "title": "valid login using intercept function",
              "fullTitle": "login functionality valid login using intercept function",
              "timedOut": null,
              "duration": 0,
              "state": "pending",
              "speed": null,
              "pass": false,
              "fail": false,
              "pending": true,
              "context": null,
              "code": "cy.viewport('iphone-x');\ncy.intercept('GET', '**/users/log_in').as('x');\ncy.visit(Cypress.env('baseUrl') + \"/users/log_in\");\n_loginPage.default.login(Cypress.env('email'), Cypress.env('password'));\n// cy.wait('@x').its(response.statusCode).should('eq',200); - not working   \ncy.wait('@x').then(data => {\n  expect(data.response.statusCode).to.eq(200);\n});",
              "err": {},
              "uuid": "40f49b2f-1561-4e28-ba18-dce46b3bf459",
              "parentUUID": "3a3592bf-a4fe-4e94-9046-e79cdd2d69a1",
              "isHook": false,
              "skipped": false
            },
            {
              "title": "invalid login with fixtures",
              "fullTitle": "login functionality invalid login with fixtures",
              "timedOut": null,
              "duration": 0,
              "state": "pending",
              "speed": null,
              "pass": false,
              "fail": false,
              "pending": true,
              "context": null,
              "code": "cy.fixture('users').then(data => {\n  const {\n    email,\n    password\n  } = data.invalidUser;\n  _loginPage.default.login(email, password);\n  cy.get(\"#alert_error\").should('be.visible');\n});",
              "err": {},
              "uuid": "0c113d72-303d-42c2-b730-3b5b3a25f5cc",
              "parentUUID": "3a3592bf-a4fe-4e94-9046-e79cdd2d69a1",
              "isHook": false,
              "skipped": false
            }
          ],
          "suites": [],
          "passes": [],
          "failures": [],
          "pending": [
            "9910d1ce-ecae-4a40-b79b-eb77ae5f6933",
            "ae94f5f2-cb73-47dd-b617-b81042f8ceb9",
            "40f49b2f-1561-4e28-ba18-dce46b3bf459",
            "0c113d72-303d-42c2-b730-3b5b3a25f5cc"
          ],
          "skipped": [],
          "duration": 0,
          "root": false,
          "rootEmpty": false,
          "_timeout": 2000
        }
      ],
      "passes": [],
      "failures": [],
      "pending": [],
      "skipped": [],
      "duration": 0,
      "root": true,
      "rootEmpty": true,
      "_timeout": 2000
    }
  ],
  "meta": {
    "mocha": {
      "version": "7.0.1"
    },
    "mochawesome": {
      "options": {
        "quiet": false,
        "reportFilename": "mochawesome",
        "saveHtml": false,
        "saveJson": true,
        "consoleReporter": "spec",
        "useInlineDiffs": false,
        "code": true
      },
      "version": "7.1.3"
    },
    "marge": {
      "options": {
        "reportDir": "cypress/reports/mochawesome/.jsons",
        "overwrite": false,
        "html": false,
        "json": true,
        "setupNodeEvents": "[Function setupNodeEvents]"
      },
      "version": "6.2.0"
    }
  }
}