{
  "stats": {
    "suites": 1,
    "tests": 2,
    "passes": 2,
    "pending": 0,
    "failures": 0,
    "start": "2025-03-18T21:00:19.241Z",
    "end": "2025-03-18T21:00:21.027Z",
    "duration": 1786,
    "testsRegistered": 2,
    "passPercent": 100,
    "pendingPercent": 0,
    "other": 0,
    "hasOther": false,
    "skipped": 0,
    "hasSkipped": false
  },
  "results": [
    {
      "uuid": "5e9a29b2-7e16-474d-9627-d082739a1427",
      "title": "",
      "fullFile": "cypress/e2e/alerts_1.cy.js",
      "file": "cypress/e2e/alerts_1.cy.js",
      "beforeHooks": [],
      "afterHooks": [],
      "tests": [],
      "suites": [
        {
          "uuid": "c86cc7f7-6849-4251-b9e3-870ceeedd213",
          "title": "Tests to handle the alerts",
          "fullFile": "",
          "file": "",
          "beforeHooks": [],
          "afterHooks": [],
          "tests": [
            {
              "title": "Test to handle a JavaScript alert",
              "fullTitle": "Tests to handle the alerts Test to handle a JavaScript alert",
              "timedOut": null,
              "duration": 737,
              "state": "passed",
              "speed": "fast",
              "pass": true,
              "fail": false,
              "pending": false,
              "context": null,
              "code": "cy.visit('https://the-internet.herokuapp.com/javascript_alerts');\ncy.get('button[onclick=\"jsAlert()\"]').click(); // click alert btn\ncy.on('window:alert', alertText => {\n  expect(alertText).to.equal('I am a JS Alert'); // Validate alert boxtext\n});",
              "err": {},
              "uuid": "f699780c-1f11-4dd7-abe8-51613617f2b9",
              "parentUUID": "c86cc7f7-6849-4251-b9e3-870ceeedd213",
              "isHook": false,
              "skipped": false
            },
            {
              "title": "Test to handle a JavaScript confirm box",
              "fullTitle": "Tests to handle the alerts Test to handle a JavaScript confirm box",
              "timedOut": null,
              "duration": 185,
              "state": "passed",
              "speed": "fast",
              "pass": true,
              "fail": false,
              "pending": false,
              "context": null,
              "code": "cy.visit('https://the-internet.herokuapp.com/javascript_alerts');\ncy.get('button[onclick=\"jsConfirm()\"]').click();\ncy.on('window:confirm', confirmText => {\n  expect(confirmText).to.equal('I am a JS Confirm'); // Validate the confirmation alert text\n  return true; // Accept the confirm box\n});\ncy.get(\"#result\").should('have.text', \"You clicked: Ok\");",
              "err": {},
              "uuid": "df2a4092-d767-4b1c-8a21-bb0174179624",
              "parentUUID": "c86cc7f7-6849-4251-b9e3-870ceeedd213",
              "isHook": false,
              "skipped": false
            }
          ],
          "suites": [],
          "passes": [
            "f699780c-1f11-4dd7-abe8-51613617f2b9",
            "df2a4092-d767-4b1c-8a21-bb0174179624"
          ],
          "failures": [],
          "pending": [],
          "skipped": [],
          "duration": 922,
          "root": false,
          "rootEmpty": false,
          "_timeout": 2000
        }
      ],
      "passes": [],
      "failures": [],
      "pending": [],
      "skipped": [],
      "duration": 0,
      "root": true,
      "rootEmpty": true,
      "_timeout": 2000
    }
  ],
  "meta": {
    "mocha": {
      "version": "7.0.1"
    },
    "mochawesome": {
      "options": {
        "quiet": false,
        "reportFilename": "mochawesome",
        "saveHtml": false,
        "saveJson": true,
        "consoleReporter": "spec",
        "useInlineDiffs": false,
        "code": true
      },
      "version": "7.1.3"
    },
    "marge": {
      "options": {
        "reportDir": "cypress/reports/mochawesome/.jsons",
        "overwrite": false,
        "html": false,
        "json": true,
        "setupNodeEvents": "[Function setupNodeEvents]"
      },
      "version": "6.2.0"
    }
  }
}