{
  "stats": {
    "suites": 1,
    "tests": 1,
    "passes": 1,
    "pending": 0,
    "failures": 0,
    "start": "2025-03-18T21:00:57.177Z",
    "end": "2025-03-18T21:00:58.488Z",
    "duration": 1311,
    "testsRegistered": 1,
    "passPercent": 100,
    "pendingPercent": 0,
    "other": 0,
    "hasOther": false,
    "skipped": 0,
    "hasSkipped": false
  },
  "results": [
    {
      "uuid": "68093cef-00ac-4822-bede-4f058764c159",
      "title": "",
      "fullFile": "cypress/e2e/loginCI.cy.js",
      "file": "cypress/e2e/loginCI.cy.js",
      "beforeHooks": [],
      "afterHooks": [],
      "tests": [],
      "suites": [
        {
          "uuid": "86cc7b8b-77a6-4cf8-a09f-874b89d8ce7c",
          "title": "login functionality",
          "fullFile": "",
          "file": "",
          "beforeHooks": [],
          "afterHooks": [],
          "tests": [
            {
              "title": "valid login with CI secrets",
              "fullTitle": "login functionality valid login with CI secrets",
              "timedOut": null,
              "duration": 1282,
              "state": "passed",
              "speed": "fast",
              "pass": true,
              "fail": false,
              "pending": false,
              "context": null,
              "code": "cy.get(\"#user_email\").type(Cypress.env('CYPRESS_VALID_USERNAME'));\ncy.get(\"#password-input\").type(Cypress.env('CYPRESS_VALID_PASSWORD'));\n// cy.get(\".btn-primary \").click()",
              "err": {},
              "uuid": "c6f336a6-2fea-45f4-8c6d-5887baf77e5d",
              "parentUUID": "86cc7b8b-77a6-4cf8-a09f-874b89d8ce7c",
              "isHook": false,
              "skipped": false
            }
          ],
          "suites": [],
          "passes": [
            "c6f336a6-2fea-45f4-8c6d-5887baf77e5d"
          ],
          "failures": [],
          "pending": [],
          "skipped": [],
          "duration": 1282,
          "root": false,
          "rootEmpty": false,
          "_timeout": 2000
        }
      ],
      "passes": [],
      "failures": [],
      "pending": [],
      "skipped": [],
      "duration": 0,
      "root": true,
      "rootEmpty": true,
      "_timeout": 2000
    }
  ],
  "meta": {
    "mocha": {
      "version": "7.0.1"
    },
    "mochawesome": {
      "options": {
        "quiet": false,
        "reportFilename": "mochawesome",
        "saveHtml": false,
        "saveJson": true,
        "consoleReporter": "spec",
        "useInlineDiffs": false,
        "code": true
      },
      "version": "7.1.3"
    },
    "marge": {
      "options": {
        "reportDir": "cypress/reports/mochawesome/.jsons",
        "overwrite": false,
        "html": false,
        "json": true,
        "setupNodeEvents": "[Function setupNodeEvents]"
      },
      "version": "6.2.0"
    }
  }
}