{
  "stats": {
    "suites": 1,
    "tests": 1,
    "passes": 0,
    "pending": 4,
    "failures": -3,
    "start": "2025-03-18T20:43:54.596Z",
    "end": "2025-03-18T20:43:54.608Z",
    "duration": 12,
    "testsRegistered": 4,
    "passPercent": null,
    "pendingPercent": 100,
    "other": 3,
    "hasOther": true,
    "skipped": 0,
    "hasSkipped": false
  },
  "results": [
    {
      "uuid": "42316837-707f-4e2a-a108-61be220b798c",
      "title": "",
      "fullFile": "cypress/e2e/login.cy.js",
      "file": "cypress/e2e/login.cy.js",
      "beforeHooks": [],
      "afterHooks": [],
      "tests": [],
      "suites": [
        {
          "uuid": "a46728bd-8129-4ee4-91bf-a30260761e82",
          "title": "login functionality",
          "fullFile": "",
          "file": "",
          "beforeHooks": [],
          "afterHooks": [],
          "tests": [
            {
              "title": "valid login with ENV variables",
              "fullTitle": "login functionality valid login with ENV variables",
              "timedOut": null,
              "duration": 0,
              "state": "pending",
              "speed": null,
              "pass": false,
              "fail": false,
              "pending": true,
              "context": null,
              "code": "_loginPage.default.login(Cypress.env('email'), Cypress.env('password'));",
              "err": {},
              "uuid": "069a3c94-2c4c-4e2b-958e-735386457502",
              "parentUUID": "a46728bd-8129-4ee4-91bf-a30260761e82",
              "isHook": false,
              "skipped": false
            },
            {
              "title": "valid login with fixtures",
              "fullTitle": "login functionality valid login with fixtures",
              "timedOut": null,
              "duration": 0,
              "state": "pending",
              "speed": null,
              "pass": false,
              "fail": false,
              "pending": true,
              "context": null,
              "code": "cy.fixture('users').then(data => {\n  const {\n    email,\n    password\n  } = data.validUser;\n  cy.log(email); //TO LOG DATA TO TEST RUNNER ONLY\n  cy.window().then(win => win.console.log('hi')); // TO LOG DATA TO BROWSER LOG\n  _loginPage.default.login(email, password);\n  // cy.url().should(\"contain\", \"/member\");\n});",
              "err": {},
              "uuid": "f3efdcc5-2ad6-4a17-86ed-50e1238610cf",
              "parentUUID": "a46728bd-8129-4ee4-91bf-a30260761e82",
              "isHook": false,
              "skipped": false
            },
            {
              "title": "valid login using intercept function",
              "fullTitle": "login functionality valid login using intercept function",
              "timedOut": null,
              "duration": 0,
              "state": "pending",
              "speed": null,
              "pass": false,
              "fail": false,
              "pending": true,
              "context": null,
              "code": "cy.viewport('iphone-x');\ncy.intercept('GET', '**/users/log_in').as('x');\ncy.visit(Cypress.env('baseUrl') + \"/users/log_in\");\n_loginPage.default.login(Cypress.env('email'), Cypress.env('password'));\n// cy.wait('@x').its(response.statusCode).should('eq',200); - not working   \ncy.wait('@x').then(data => {\n  expect(data.response.statusCode).to.eq(200);\n});",
              "err": {},
              "uuid": "68f7ef9c-befa-41fa-8733-d5e1b643bb06",
              "parentUUID": "a46728bd-8129-4ee4-91bf-a30260761e82",
              "isHook": false,
              "skipped": false
            },
            {
              "title": "invalid login with fixtures",
              "fullTitle": "login functionality invalid login with fixtures",
              "timedOut": null,
              "duration": 0,
              "state": "pending",
              "speed": null,
              "pass": false,
              "fail": false,
              "pending": true,
              "context": null,
              "code": "cy.fixture('users').then(data => {\n  const {\n    email,\n    password\n  } = data.invalidUser;\n  _loginPage.default.login(email, password);\n  cy.get(\"#alert_error\").should('be.visible');\n});",
              "err": {},
              "uuid": "2cd6ee5e-3efe-452a-a95b-c7c76edce485",
              "parentUUID": "a46728bd-8129-4ee4-91bf-a30260761e82",
              "isHook": false,
              "skipped": false
            }
          ],
          "suites": [],
          "passes": [],
          "failures": [],
          "pending": [
            "069a3c94-2c4c-4e2b-958e-735386457502",
            "f3efdcc5-2ad6-4a17-86ed-50e1238610cf",
            "68f7ef9c-befa-41fa-8733-d5e1b643bb06",
            "2cd6ee5e-3efe-452a-a95b-c7c76edce485"
          ],
          "skipped": [],
          "duration": 0,
          "root": false,
          "rootEmpty": false,
          "_timeout": 2000
        }
      ],
      "passes": [],
      "failures": [],
      "pending": [],
      "skipped": [],
      "duration": 0,
      "root": true,
      "rootEmpty": true,
      "_timeout": 2000
    }
  ],
  "meta": {
    "mocha": {
      "version": "7.0.1"
    },
    "mochawesome": {
      "options": {
        "quiet": false,
        "reportFilename": "mochawesome",
        "saveHtml": false,
        "saveJson": true,
        "consoleReporter": "spec",
        "useInlineDiffs": false,
        "code": true
      },
      "version": "7.1.3"
    },
    "marge": {
      "options": {
        "reportDir": "cypress/reports/mochawesome/.jsons",
        "overwrite": false,
        "html": false,
        "json": true,
        "setupNodeEvents": "[Function setupNodeEvents]"
      },
      "version": "6.2.0"
    }
  }
}