{
  "stats": {
    "suites": 1,
    "tests": 2,
    "passes": 2,
    "pending": 0,
    "failures": 0,
    "start": "2025-03-18T20:49:23.156Z",
    "end": "2025-03-18T20:49:24.933Z",
    "duration": 1777,
    "testsRegistered": 2,
    "passPercent": 100,
    "pendingPercent": 0,
    "other": 0,
    "hasOther": false,
    "skipped": 0,
    "hasSkipped": false
  },
  "results": [
    {
      "uuid": "4e7eb5f5-278d-4c5e-b323-86b98fd52426",
      "title": "",
      "fullFile": "cypress/e2e/alerts_1.cy.js",
      "file": "cypress/e2e/alerts_1.cy.js",
      "beforeHooks": [],
      "afterHooks": [],
      "tests": [],
      "suites": [
        {
          "uuid": "8c5b8f4b-2595-42d6-b5b3-9bf704fb737f",
          "title": "Tests to handle the alerts",
          "fullFile": "",
          "file": "",
          "beforeHooks": [],
          "afterHooks": [],
          "tests": [
            {
              "title": "Test to handle a JavaScript alert",
              "fullTitle": "Tests to handle the alerts Test to handle a JavaScript alert",
              "timedOut": null,
              "duration": 740,
              "state": "passed",
              "speed": "fast",
              "pass": true,
              "fail": false,
              "pending": false,
              "context": null,
              "code": "cy.visit('https://the-internet.herokuapp.com/javascript_alerts');\ncy.get('button[onclick=\"jsAlert()\"]').click(); // click alert btn\ncy.on('window:alert', alertText => {\n  expect(alertText).to.equal('I am a JS Alert'); // Validate alert boxtext\n});",
              "err": {},
              "uuid": "d547a3c7-2de8-46b5-92f1-376efc0426fb",
              "parentUUID": "8c5b8f4b-2595-42d6-b5b3-9bf704fb737f",
              "isHook": false,
              "skipped": false
            },
            {
              "title": "Test to handle a JavaScript confirm box",
              "fullTitle": "Tests to handle the alerts Test to handle a JavaScript confirm box",
              "timedOut": null,
              "duration": 183,
              "state": "passed",
              "speed": "fast",
              "pass": true,
              "fail": false,
              "pending": false,
              "context": null,
              "code": "cy.visit('https://the-internet.herokuapp.com/javascript_alerts');\ncy.get('button[onclick=\"jsConfirm()\"]').click();\ncy.on('window:confirm', confirmText => {\n  expect(confirmText).to.equal('I am a JS Confirm'); // Validate the confirmation alert text\n  return true; // Accept the confirm box\n});\ncy.get(\"#result\").should('have.text', \"You clicked: Ok\");",
              "err": {},
              "uuid": "844b68ce-dd4b-415d-be49-276e8e4750b5",
              "parentUUID": "8c5b8f4b-2595-42d6-b5b3-9bf704fb737f",
              "isHook": false,
              "skipped": false
            }
          ],
          "suites": [],
          "passes": [
            "d547a3c7-2de8-46b5-92f1-376efc0426fb",
            "844b68ce-dd4b-415d-be49-276e8e4750b5"
          ],
          "failures": [],
          "pending": [],
          "skipped": [],
          "duration": 923,
          "root": false,
          "rootEmpty": false,
          "_timeout": 2000
        }
      ],
      "passes": [],
      "failures": [],
      "pending": [],
      "skipped": [],
      "duration": 0,
      "root": true,
      "rootEmpty": true,
      "_timeout": 2000
    }
  ],
  "meta": {
    "mocha": {
      "version": "7.0.1"
    },
    "mochawesome": {
      "options": {
        "quiet": false,
        "reportFilename": "mochawesome",
        "saveHtml": false,
        "saveJson": true,
        "consoleReporter": "spec",
        "useInlineDiffs": false,
        "code": true
      },
      "version": "7.1.3"
    },
    "marge": {
      "options": {
        "reportDir": "cypress/reports/mochawesome/.jsons",
        "overwrite": false,
        "html": false,
        "json": true,
        "setupNodeEvents": "[Function setupNodeEvents]"
      },
      "version": "6.2.0"
    }
  }
}