{
  "stats": {
    "suites": 1,
    "tests": 2,
    "passes": 2,
    "pending": 0,
    "failures": 0,
    "start": "2025-03-20T20:42:32.618Z",
    "end": "2025-03-20T20:42:34.412Z",
    "duration": 1794,
    "testsRegistered": 2,
    "passPercent": 100,
    "pendingPercent": 0,
    "other": 0,
    "hasOther": false,
    "skipped": 0,
    "hasSkipped": false
  },
  "results": [
    {
      "uuid": "ec2f8f4b-1985-4afd-9948-5e374273b06b",
      "title": "",
      "fullFile": "cypress/e2e/alerts_1.cy.js",
      "file": "cypress/e2e/alerts_1.cy.js",
      "beforeHooks": [],
      "afterHooks": [],
      "tests": [],
      "suites": [
        {
          "uuid": "16c3a28b-15d6-4c32-b176-3e96122b8dbb",
          "title": "Tests to handle the alerts",
          "fullFile": "",
          "file": "",
          "beforeHooks": [],
          "afterHooks": [],
          "tests": [
            {
              "title": "Test to handle a JavaScript alert",
              "fullTitle": "Tests to handle the alerts Test to handle a JavaScript alert",
              "timedOut": null,
              "duration": 748,
              "state": "passed",
              "speed": "fast",
              "pass": true,
              "fail": false,
              "pending": false,
              "context": null,
              "code": "cy.visit('https://the-internet.herokuapp.com/javascript_alerts');\ncy.get('button[onclick=\"jsAlert()\"]').click(); // click alert btn\ncy.on('window:alert', alertText => {\n  expect(alertText).to.equal('I am a JS Alert'); // Validate alert boxtext\n});",
              "err": {},
              "uuid": "9490e4d6-b1ce-46e7-80be-47b3891aa985",
              "parentUUID": "16c3a28b-15d6-4c32-b176-3e96122b8dbb",
              "isHook": false,
              "skipped": false
            },
            {
              "title": "Test to handle a JavaScript confirm box",
              "fullTitle": "Tests to handle the alerts Test to handle a JavaScript confirm box",
              "timedOut": null,
              "duration": 185,
              "state": "passed",
              "speed": "fast",
              "pass": true,
              "fail": false,
              "pending": false,
              "context": null,
              "code": "cy.visit('https://the-internet.herokuapp.com/javascript_alerts');\ncy.get('button[onclick=\"jsConfirm()\"]').click();\ncy.on('window:confirm', confirmText => {\n  expect(confirmText).to.equal('I am a JS Confirm'); // Validate the confirmation alert text\n  return true; // Accept the confirm box\n});\ncy.get(\"#result\").should('have.text', \"You clicked: Ok\");",
              "err": {},
              "uuid": "cda69bcc-70ea-469d-9a58-abaaeca7728c",
              "parentUUID": "16c3a28b-15d6-4c32-b176-3e96122b8dbb",
              "isHook": false,
              "skipped": false
            }
          ],
          "suites": [],
          "passes": [
            "9490e4d6-b1ce-46e7-80be-47b3891aa985",
            "cda69bcc-70ea-469d-9a58-abaaeca7728c"
          ],
          "failures": [],
          "pending": [],
          "skipped": [],
          "duration": 933,
          "root": false,
          "rootEmpty": false,
          "_timeout": 2000
        }
      ],
      "passes": [],
      "failures": [],
      "pending": [],
      "skipped": [],
      "duration": 0,
      "root": true,
      "rootEmpty": true,
      "_timeout": 2000
    }
  ],
  "meta": {
    "mocha": {
      "version": "7.0.1"
    },
    "mochawesome": {
      "options": {
        "quiet": false,
        "reportFilename": "mochawesome",
        "saveHtml": false,
        "saveJson": true,
        "consoleReporter": "spec",
        "useInlineDiffs": false,
        "code": true
      },
      "version": "7.1.3"
    },
    "marge": {
      "options": {
        "reportDir": "cypress/reports/mochawesome/.jsons",
        "overwrite": false,
        "html": false,
        "json": true,
        "setupNodeEvents": "[Function setupNodeEvents]"
      },
      "version": "6.2.0"
    }
  }
}