{
  "stats": {
    "suites": 1,
    "tests": 1,
    "passes": 1,
    "pending": 0,
    "failures": 0,
    "start": "2025-03-18T20:54:48.582Z",
    "end": "2025-03-18T20:54:49.730Z",
    "duration": 1148,
    "testsRegistered": 1,
    "passPercent": 100,
    "pendingPercent": 0,
    "other": 0,
    "hasOther": false,
    "skipped": 0,
    "hasSkipped": false
  },
  "results": [
    {
      "uuid": "6ff30925-1013-4fe0-b56f-814b4d00491a",
      "title": "",
      "fullFile": "cypress/e2e/loginCI.cy.js",
      "file": "cypress/e2e/loginCI.cy.js",
      "beforeHooks": [],
      "afterHooks": [],
      "tests": [],
      "suites": [
        {
          "uuid": "6d3c4127-4f8b-4e65-a792-1718ca81ab9d",
          "title": "login functionality",
          "fullFile": "",
          "file": "",
          "beforeHooks": [],
          "afterHooks": [],
          "tests": [
            {
              "title": "valid login with CI secrets",
              "fullTitle": "login functionality valid login with CI secrets",
              "timedOut": null,
              "duration": 1117,
              "state": "passed",
              "speed": "fast",
              "pass": true,
              "fail": false,
              "pending": false,
              "context": null,
              "code": "cy.get(\"#user_email\").type(Cypress.env('CYPRESS_VALID_USERNAME'));\ncy.get(\"#password-input\").type(Cypress.env('CYPRESS_VALID_PASSWORD'));\n// cy.get(\".btn-primary \").click()",
              "err": {},
              "uuid": "dcb3b533-027f-434a-aaee-4984c990199e",
              "parentUUID": "6d3c4127-4f8b-4e65-a792-1718ca81ab9d",
              "isHook": false,
              "skipped": false
            }
          ],
          "suites": [],
          "passes": [
            "dcb3b533-027f-434a-aaee-4984c990199e"
          ],
          "failures": [],
          "pending": [],
          "skipped": [],
          "duration": 1117,
          "root": false,
          "rootEmpty": false,
          "_timeout": 2000
        }
      ],
      "passes": [],
      "failures": [],
      "pending": [],
      "skipped": [],
      "duration": 0,
      "root": true,
      "rootEmpty": true,
      "_timeout": 2000
    }
  ],
  "meta": {
    "mocha": {
      "version": "7.0.1"
    },
    "mochawesome": {
      "options": {
        "quiet": false,
        "reportFilename": "mochawesome",
        "saveHtml": false,
        "saveJson": true,
        "consoleReporter": "spec",
        "useInlineDiffs": false,
        "code": true
      },
      "version": "7.1.3"
    },
    "marge": {
      "options": {
        "reportDir": "cypress/reports/mochawesome/.jsons",
        "overwrite": false,
        "html": false,
        "json": true,
        "setupNodeEvents": "[Function setupNodeEvents]"
      },
      "version": "6.2.0"
    }
  }
}