{
  "stats": {
    "suites": 1,
    "tests": 1,
    "passes": 0,
    "pending": 0,
    "failures": 1,
    "start": "2025-03-18T20:43:59.190Z",
    "end": "2025-03-18T20:43:59.917Z",
    "duration": 727,
    "testsRegistered": 1,
    "passPercent": 0,
    "pendingPercent": 0,
    "other": 0,
    "hasOther": false,
    "skipped": 0,
    "hasSkipped": false
  },
  "results": [
    {
      "uuid": "2633214c-ff78-444e-b481-bbe99b7ae9df",
      "title": "",
      "fullFile": "cypress/e2e/loginCI.cy.js",
      "file": "cypress/e2e/loginCI.cy.js",
      "beforeHooks": [],
      "afterHooks": [],
      "tests": [],
      "suites": [
        {
          "uuid": "ee6ebd0f-617f-4350-87d8-a5e03d999c28",
          "title": "login functionality",
          "fullFile": "",
          "file": "",
          "beforeHooks": [],
          "afterHooks": [],
          "tests": [
            {
              "title": "valid login with CI secrets",
              "fullTitle": "login functionality valid login with CI secrets",
              "timedOut": null,
              "duration": 710,
              "state": "failed",
              "speed": null,
              "pass": false,
              "fail": true,
              "pending": false,
              "context": null,
              "code": "cy.get(\"#user_email\").type(Cypress.env('CYPRESS_VALID_USERNAME'));\ncy.get(\"#password-input\").type(Cypress.env('CYPRESS_VALID_PASSWORD'));\n// cy.get(\".btn-primary \").click()",
              "err": {
                "message": "CypressError: `cy.type()` can only accept a string or number. You passed in: `undefined`\n\nhttps://on.cypress.io/type",
                "estack": "CypressError: `cy.type()` can only accept a string or number. You passed in: `undefined`\n\nhttps://on.cypress.io/type\n    at Context.type (https://nobsbusinessmembership.com/__cypress/runner/cypress_runner.js:114344:68)\n    at wrapped (https://nobsbusinessmembership.com/__cypress/runner/cypress_runner.js:137823:19)\nFrom Your Spec Code:\n    at Context.eval (webpack:///./cypress/e2e/loginCI.cy.js:8:30)",
                "diff": null
              },
              "uuid": "d83f89cb-9dc2-4405-9b15-8dce5630cbbb",
              "parentUUID": "ee6ebd0f-617f-4350-87d8-a5e03d999c28",
              "isHook": false,
              "skipped": false
            }
          ],
          "suites": [],
          "passes": [],
          "failures": [
            "d83f89cb-9dc2-4405-9b15-8dce5630cbbb"
          ],
          "pending": [],
          "skipped": [],
          "duration": 710,
          "root": false,
          "rootEmpty": false,
          "_timeout": 2000
        }
      ],
      "passes": [],
      "failures": [],
      "pending": [],
      "skipped": [],
      "duration": 0,
      "root": true,
      "rootEmpty": true,
      "_timeout": 2000
    }
  ],
  "meta": {
    "mocha": {
      "version": "7.0.1"
    },
    "mochawesome": {
      "options": {
        "quiet": false,
        "reportFilename": "mochawesome",
        "saveHtml": false,
        "saveJson": true,
        "consoleReporter": "spec",
        "useInlineDiffs": false,
        "code": true
      },
      "version": "7.1.3"
    },
    "marge": {
      "options": {
        "reportDir": "cypress/reports/mochawesome/.jsons",
        "overwrite": false,
        "html": false,
        "json": true,
        "setupNodeEvents": "[Function setupNodeEvents]"
      },
      "version": "6.2.0"
    }
  }
}