{
  "stats": {
    "suites": 1,
    "tests": 1,
    "passes": 0,
    "pending": 4,
    "failures": -3,
    "start": "2025-03-18T20:49:40.323Z",
    "end": "2025-03-18T20:49:40.337Z",
    "duration": 14,
    "testsRegistered": 4,
    "passPercent": null,
    "pendingPercent": 100,
    "other": 3,
    "hasOther": true,
    "skipped": 0,
    "hasSkipped": false
  },
  "results": [
    {
      "uuid": "81b31ffe-2baf-4413-aa99-57d7af89becc",
      "title": "",
      "fullFile": "cypress/e2e/login.cy.js",
      "file": "cypress/e2e/login.cy.js",
      "beforeHooks": [],
      "afterHooks": [],
      "tests": [],
      "suites": [
        {
          "uuid": "a0d12979-e388-4b35-8398-f6b27d2e8c81",
          "title": "login functionality",
          "fullFile": "",
          "file": "",
          "beforeHooks": [],
          "afterHooks": [],
          "tests": [
            {
              "title": "valid login with ENV variables",
              "fullTitle": "login functionality valid login with ENV variables",
              "timedOut": null,
              "duration": 0,
              "state": "pending",
              "speed": null,
              "pass": false,
              "fail": false,
              "pending": true,
              "context": null,
              "code": "_loginPage.default.login(Cypress.env('email'), Cypress.env('password'));",
              "err": {},
              "uuid": "0c0143fe-b95d-4ce2-ae58-209360406262",
              "parentUUID": "a0d12979-e388-4b35-8398-f6b27d2e8c81",
              "isHook": false,
              "skipped": false
            },
            {
              "title": "valid login with fixtures",
              "fullTitle": "login functionality valid login with fixtures",
              "timedOut": null,
              "duration": 0,
              "state": "pending",
              "speed": null,
              "pass": false,
              "fail": false,
              "pending": true,
              "context": null,
              "code": "cy.fixture('users').then(data => {\n  const {\n    email,\n    password\n  } = data.validUser;\n  cy.log(email); //TO LOG DATA TO TEST RUNNER ONLY\n  cy.window().then(win => win.console.log('hi')); // TO LOG DATA TO BROWSER LOG\n  _loginPage.default.login(email, password);\n  // cy.url().should(\"contain\", \"/member\");\n});",
              "err": {},
              "uuid": "b669b784-6cea-4013-bba8-51b88fd9e8f5",
              "parentUUID": "a0d12979-e388-4b35-8398-f6b27d2e8c81",
              "isHook": false,
              "skipped": false
            },
            {
              "title": "valid login using intercept function",
              "fullTitle": "login functionality valid login using intercept function",
              "timedOut": null,
              "duration": 0,
              "state": "pending",
              "speed": null,
              "pass": false,
              "fail": false,
              "pending": true,
              "context": null,
              "code": "cy.viewport('iphone-x');\ncy.intercept('GET', '**/users/log_in').as('x');\ncy.visit(Cypress.env('baseUrl') + \"/users/log_in\");\n_loginPage.default.login(Cypress.env('email'), Cypress.env('password'));\n// cy.wait('@x').its(response.statusCode).should('eq',200); - not working   \ncy.wait('@x').then(data => {\n  expect(data.response.statusCode).to.eq(200);\n});",
              "err": {},
              "uuid": "451de3c5-e6a4-42c9-bb32-7e7ceeddd190",
              "parentUUID": "a0d12979-e388-4b35-8398-f6b27d2e8c81",
              "isHook": false,
              "skipped": false
            },
            {
              "title": "invalid login with fixtures",
              "fullTitle": "login functionality invalid login with fixtures",
              "timedOut": null,
              "duration": 0,
              "state": "pending",
              "speed": null,
              "pass": false,
              "fail": false,
              "pending": true,
              "context": null,
              "code": "cy.fixture('users').then(data => {\n  const {\n    email,\n    password\n  } = data.invalidUser;\n  _loginPage.default.login(email, password);\n  cy.get(\"#alert_error\").should('be.visible');\n});",
              "err": {},
              "uuid": "699d8fa3-eb92-4b3e-82bd-483c04026b2d",
              "parentUUID": "a0d12979-e388-4b35-8398-f6b27d2e8c81",
              "isHook": false,
              "skipped": false
            }
          ],
          "suites": [],
          "passes": [],
          "failures": [],
          "pending": [
            "0c0143fe-b95d-4ce2-ae58-209360406262",
            "b669b784-6cea-4013-bba8-51b88fd9e8f5",
            "451de3c5-e6a4-42c9-bb32-7e7ceeddd190",
            "699d8fa3-eb92-4b3e-82bd-483c04026b2d"
          ],
          "skipped": [],
          "duration": 0,
          "root": false,
          "rootEmpty": false,
          "_timeout": 2000
        }
      ],
      "passes": [],
      "failures": [],
      "pending": [],
      "skipped": [],
      "duration": 0,
      "root": true,
      "rootEmpty": true,
      "_timeout": 2000
    }
  ],
  "meta": {
    "mocha": {
      "version": "7.0.1"
    },
    "mochawesome": {
      "options": {
        "quiet": false,
        "reportFilename": "mochawesome",
        "saveHtml": false,
        "saveJson": true,
        "consoleReporter": "spec",
        "useInlineDiffs": false,
        "code": true
      },
      "version": "7.1.3"
    },
    "marge": {
      "options": {
        "reportDir": "cypress/reports/mochawesome/.jsons",
        "overwrite": false,
        "html": false,
        "json": true,
        "setupNodeEvents": "[Function setupNodeEvents]"
      },
      "version": "6.2.0"
    }
  }
}