{
  "stats": {
    "suites": 1,
    "tests": 1,
    "passes": 0,
    "pending": 4,
    "failures": -3,
    "start": "2025-03-20T20:42:49.818Z",
    "end": "2025-03-20T20:42:49.829Z",
    "duration": 11,
    "testsRegistered": 4,
    "passPercent": null,
    "pendingPercent": 100,
    "other": 3,
    "hasOther": true,
    "skipped": 0,
    "hasSkipped": false
  },
  "results": [
    {
      "uuid": "306d13ef-3998-4f63-8686-49ec98219c23",
      "title": "",
      "fullFile": "cypress/e2e/login.cy.js",
      "file": "cypress/e2e/login.cy.js",
      "beforeHooks": [],
      "afterHooks": [],
      "tests": [],
      "suites": [
        {
          "uuid": "b04714a1-08fb-470c-af5a-03771c3cde52",
          "title": "login functionality",
          "fullFile": "",
          "file": "",
          "beforeHooks": [],
          "afterHooks": [],
          "tests": [
            {
              "title": "valid login with ENV variables",
              "fullTitle": "login functionality valid login with ENV variables",
              "timedOut": null,
              "duration": 0,
              "state": "pending",
              "speed": null,
              "pass": false,
              "fail": false,
              "pending": true,
              "context": null,
              "code": "_loginPage.default.login(Cypress.env('email'), Cypress.env('password'));",
              "err": {},
              "uuid": "a23b218d-62de-4110-ac9f-6ec659096a99",
              "parentUUID": "b04714a1-08fb-470c-af5a-03771c3cde52",
              "isHook": false,
              "skipped": false
            },
            {
              "title": "valid login with fixtures",
              "fullTitle": "login functionality valid login with fixtures",
              "timedOut": null,
              "duration": 0,
              "state": "pending",
              "speed": null,
              "pass": false,
              "fail": false,
              "pending": true,
              "context": null,
              "code": "cy.fixture('users').then(data => {\n  const {\n    email,\n    password\n  } = data.validUser;\n  cy.log(email); //TO LOG DATA TO TEST RUNNER ONLY\n  cy.window().then(win => win.console.log('hi')); // TO LOG DATA TO BROWSER LOG\n  _loginPage.default.login(email, password);\n  // cy.url().should(\"contain\", \"/member\");\n});",
              "err": {},
              "uuid": "e428efeb-a3b2-4f46-adf4-75cc2457693d",
              "parentUUID": "b04714a1-08fb-470c-af5a-03771c3cde52",
              "isHook": false,
              "skipped": false
            },
            {
              "title": "valid login using intercept function",
              "fullTitle": "login functionality valid login using intercept function",
              "timedOut": null,
              "duration": 0,
              "state": "pending",
              "speed": null,
              "pass": false,
              "fail": false,
              "pending": true,
              "context": null,
              "code": "cy.viewport('iphone-x');\ncy.intercept('GET', '**/users/log_in').as('x');\ncy.visit(Cypress.env('baseUrl') + \"/users/log_in\");\n_loginPage.default.login(Cypress.env('email'), Cypress.env('password'));\n// cy.wait('@x').its(response.statusCode).should('eq',200); - not working   \ncy.wait('@x').then(data => {\n  expect(data.response.statusCode).to.eq(200);\n});",
              "err": {},
              "uuid": "6aa002ca-57e3-4022-9f47-ff84ce585a10",
              "parentUUID": "b04714a1-08fb-470c-af5a-03771c3cde52",
              "isHook": false,
              "skipped": false
            },
            {
              "title": "invalid login with fixtures",
              "fullTitle": "login functionality invalid login with fixtures",
              "timedOut": null,
              "duration": 0,
              "state": "pending",
              "speed": null,
              "pass": false,
              "fail": false,
              "pending": true,
              "context": null,
              "code": "cy.fixture('users').then(data => {\n  const {\n    email,\n    password\n  } = data.invalidUser;\n  _loginPage.default.login(email, password);\n  cy.get(\"#alert_error\").should('be.visible');\n});",
              "err": {},
              "uuid": "dcb7cb9a-fff3-4215-9044-6a4f24548d3c",
              "parentUUID": "b04714a1-08fb-470c-af5a-03771c3cde52",
              "isHook": false,
              "skipped": false
            }
          ],
          "suites": [],
          "passes": [],
          "failures": [],
          "pending": [
            "a23b218d-62de-4110-ac9f-6ec659096a99",
            "e428efeb-a3b2-4f46-adf4-75cc2457693d",
            "6aa002ca-57e3-4022-9f47-ff84ce585a10",
            "dcb7cb9a-fff3-4215-9044-6a4f24548d3c"
          ],
          "skipped": [],
          "duration": 0,
          "root": false,
          "rootEmpty": false,
          "_timeout": 2000
        }
      ],
      "passes": [],
      "failures": [],
      "pending": [],
      "skipped": [],
      "duration": 0,
      "root": true,
      "rootEmpty": true,
      "_timeout": 2000
    }
  ],
  "meta": {
    "mocha": {
      "version": "7.0.1"
    },
    "mochawesome": {
      "options": {
        "quiet": false,
        "reportFilename": "mochawesome",
        "saveHtml": false,
        "saveJson": true,
        "consoleReporter": "spec",
        "useInlineDiffs": false,
        "code": true
      },
      "version": "7.1.3"
    },
    "marge": {
      "options": {
        "reportDir": "cypress/reports/mochawesome/.jsons",
        "overwrite": false,
        "html": false,
        "json": true,
        "setupNodeEvents": "[Function setupNodeEvents]"
      },
      "version": "6.2.0"
    }
  }
}